<?xml version="1.0" encoding="UTF-8"?>
<coverage generated="1626852383462" clover="3.2.0">
  <project timestamp="1626852383462" name="All files">
    <metrics statements="25" coveredstatements="17" conditionals="2" coveredconditionals="0" methods="15" coveredmethods="4" elements="42" coveredelements="21" complexity="0" loc="25" ncloc="25" packages="1" files="2" classes="2"/>
    <file name="ResetScroll.js" path="/Users/jordandisch/dev/frontend-4wdsupacentre/src/components/Routes/ResetScroll.js">
      <metrics statements="8" coveredstatements="5" conditionals="2" coveredconditionals="0" methods="4" coveredmethods="2"/>
      <line num="4" count="2" type="stmt"/>
      <line num="5" count="2" type="stmt"/>
      <line num="6" count="2" type="stmt"/>
      <line num="7" count="0" type="cond" truecount="0" falsecount="2"/>
      <line num="8" count="0" type="stmt"/>
      <line num="11" count="2" type="stmt"/>
      <line num="12" count="0" type="stmt"/>
      <line num="16" count="2" type="stmt"/>
    </file>
    <file name="Routes.jsx" path="/Users/jordandisch/dev/frontend-4wdsupacentre/src/components/Routes/Routes.jsx">
      <metrics statements="17" coveredstatements="12" conditionals="0" coveredconditionals="0" methods="11" coveredmethods="2"/>
      <line num="10" count="2" type="stmt"/>
      <line num="11" count="2" type="stmt"/>
      <line num="12" count="0" type="stmt"/>
      <line num="14" count="2" type="stmt"/>
      <line num="16" count="2" type="stmt"/>
      <line num="17" count="0" type="stmt"/>
      <line num="19" count="2" type="stmt"/>
      <line num="20" count="0" type="stmt"/>
      <line num="22" count="2" type="stmt"/>
      <line num="25" count="2" type="stmt"/>
      <line num="26" count="2" type="stmt"/>
      <line num="28" count="2" type="stmt"/>
      <line num="29" count="2" type="stmt"/>
      <line num="31" count="0" type="stmt"/>
      <line num="33" count="0" type="stmt"/>
      <line num="38" count="2" type="stmt"/>
      <line num="83" count="2" type="stmt"/>
    </file>
  </project>
</coverage>
