{"/Users/jordandisch/dev/frontend-4wdsupacentre/src/components/Routes/ResetScroll.js": {"path":"/Users/jordandisch/dev/frontend-4wdsupacentre/src/components/Routes/ResetScroll.js","statementMap":{"0":{"start":{"line":4,"column":20},"end":{"line":17,"column":1}},"1":{"start":{"line":5,"column":4},"end":{"line":14,"column":18}},"2":{"start":{"line":6,"column":25},"end":{"line":10,"column":10}},"3":{"start":{"line":7,"column":12},"end":{"line":9,"column":13}},"4":{"start":{"line":8,"column":16},"end":{"line":8,"column":38}},"5":{"start":{"line":11,"column":8},"end":{"line":13,"column":10}},"6":{"start":{"line":12,"column":12},"end":{"line":12,"column":23}},"7":{"start":{"line":16,"column":4},"end":{"line":16,"column":16}}},"fnMap":{"0":{"name":"(anonymous_0)","decl":{"start":{"line":4,"column":20},"end":{"line":4,"column":21}},"loc":{"start":{"line":4,"column":37},"end":{"line":17,"column":1}},"line":4},"1":{"name":"(anonymous_1)","decl":{"start":{"line":5,"column":14},"end":{"line":5,"column":15}},"loc":{"start":{"line":5,"column":20},"end":{"line":14,"column":5}},"line":5},"2":{"name":"(anonymous_2)","decl":{"start":{"line":6,"column":40},"end":{"line":6,"column":41}},"loc":{"start":{"line":6,"column":46},"end":{"line":10,"column":9}},"line":6},"3":{"name":"(anonymous_3)","decl":{"start":{"line":11,"column":15},"end":{"line":11,"column":16}},"loc":{"start":{"line":11,"column":21},"end":{"line":13,"column":9}},"line":11}},"branchMap":{"0":{"loc":{"start":{"line":7,"column":12},"end":{"line":9,"column":13}},"type":"if","locations":[{"start":{"line":7,"column":12},"end":{"line":9,"column":13}},{"start":{"line":7,"column":12},"end":{"line":9,"column":13}}],"line":7}},"s":{"0":2,"1":2,"2":2,"3":0,"4":0,"5":2,"6":0,"7":2},"f":{"0":2,"1":2,"2":0,"3":0},"b":{"0":[0,0]},"_coverageSchema":"1a1c01bbd47fc00a2c39e90264f33305004495a9","hash":"b1c9a42614af3f7f3581c2e7ce17887f8317761e"}
,"/Users/jordandisch/dev/frontend-4wdsupacentre/src/components/Routes/Routes.jsx": {"path":"/Users/jordandisch/dev/frontend-4wdsupacentre/src/components/Routes/Routes.jsx","statementMap":{"0":{"start":{"line":10,"column":15},"end":{"line":10,"column":79}},"1":{"start":{"line":10,"column":26},"end":{"line":10,"column":78}},"2":{"start":{"line":11,"column":16},"end":{"line":13,"column":1}},"3":{"start":{"line":12,"column":4},"end":{"line":12,"column":63}},"4":{"start":{"line":14,"column":13},"end":{"line":14,"column":65}},"5":{"start":{"line":14,"column":24},"end":{"line":14,"column":64}},"6":{"start":{"line":16,"column":22},"end":{"line":18,"column":1}},"7":{"start":{"line":17,"column":4},"end":{"line":17,"column":53}},"8":{"start":{"line":19,"column":21},"end":{"line":21,"column":1}},"9":{"start":{"line":20,"column":4},"end":{"line":20,"column":52}},"10":{"start":{"line":22,"column":17},"end":{"line":22,"column":71}},"11":{"start":{"line":22,"column":28},"end":{"line":22,"column":70}},"12":{"start":{"line":25,"column":15},"end":{"line":81,"column":1}},"13":{"start":{"line":26,"column":20},"end":{"line":26,"column":32}},"14":{"start":{"line":28,"column":4},"end":{"line":36,"column":11}},"15":{"start":{"line":29,"column":8},"end":{"line":34,"column":11}},"16":{"start":{"line":31,"column":12},"end":{"line":33,"column":65}},"17":{"start":{"line":33,"column":30},"end":{"line":33,"column":63}},"18":{"start":{"line":33,"column":50},"end":{"line":33,"column":62}},"19":{"start":{"line":38,"column":4},"end":{"line":80,"column":6}},"20":{"start":{"line":83,"column":0},"end":{"line":85,"column":2}}},"fnMap":{"0":{"name":"(anonymous_0)","decl":{"start":{"line":10,"column":20},"end":{"line":10,"column":21}},"loc":{"start":{"line":10,"column":26},"end":{"line":10,"column":78}},"line":10},"1":{"name":"(anonymous_1)","decl":{"start":{"line":11,"column":21},"end":{"line":11,"column":22}},"loc":{"start":{"line":12,"column":4},"end":{"line":12,"column":63}},"line":12},"2":{"name":"(anonymous_2)","decl":{"start":{"line":14,"column":18},"end":{"line":14,"column":19}},"loc":{"start":{"line":14,"column":24},"end":{"line":14,"column":64}},"line":14},"3":{"name":"(anonymous_3)","decl":{"start":{"line":16,"column":27},"end":{"line":16,"column":28}},"loc":{"start":{"line":17,"column":4},"end":{"line":17,"column":53}},"line":17},"4":{"name":"(anonymous_4)","decl":{"start":{"line":19,"column":26},"end":{"line":19,"column":27}},"loc":{"start":{"line":20,"column":4},"end":{"line":20,"column":52}},"line":20},"5":{"name":"(anonymous_5)","decl":{"start":{"line":22,"column":22},"end":{"line":22,"column":23}},"loc":{"start":{"line":22,"column":28},"end":{"line":22,"column":70}},"line":22},"6":{"name":"(anonymous_6)","decl":{"start":{"line":25,"column":15},"end":{"line":25,"column":16}},"loc":{"start":{"line":25,"column":35},"end":{"line":81,"column":1}},"line":25},"7":{"name":"(anonymous_7)","decl":{"start":{"line":28,"column":14},"end":{"line":28,"column":15}},"loc":{"start":{"line":28,"column":20},"end":{"line":36,"column":5}},"line":28},"8":{"name":"(anonymous_8)","decl":{"start":{"line":29,"column":23},"end":{"line":29,"column":24}},"loc":{"start":{"line":29,"column":29},"end":{"line":34,"column":9}},"line":29},"9":{"name":"(anonymous_9)","decl":{"start":{"line":33,"column":22},"end":{"line":33,"column":23}},"loc":{"start":{"line":33,"column":30},"end":{"line":33,"column":63}},"line":33},"10":{"name":"(anonymous_10)","decl":{"start":{"line":33,"column":43},"end":{"line":33,"column":44}},"loc":{"start":{"line":33,"column":50},"end":{"line":33,"column":62}},"line":33}},"branchMap":{},"s":{"0":2,"1":0,"2":2,"3":0,"4":2,"5":0,"6":2,"7":0,"8":2,"9":0,"10":2,"11":0,"12":2,"13":2,"14":2,"15":2,"16":0,"17":0,"18":0,"19":2,"20":2},"f":{"0":0,"1":0,"2":0,"3":0,"4":0,"5":0,"6":2,"7":2,"8":0,"9":0,"10":0},"b":{},"_coverageSchema":"1a1c01bbd47fc00a2c39e90264f33305004495a9","hash":"51f3a5c0df875240ea7aa1732f46b6dae5602c7b"}
}
